<?xml version="1.0" encoding="UTF-8"?>
<!-- Generated by org.testng.reporters.JUnitReportReporter -->
<testsuite hostname="sys" name="com.orangehrm.testsuite.AddEmployee" tests="2" failures="0" timestamp="21 Nov 2015 12:53:42 GMT" time="181.401" errors="0">
  <testcase name="addEmployeeTest" time="89.753" classname="com.orangehrm.testsuite.AddEmployee"/>
  <testcase name="addEmployeeTest" time="91.648" classname="com.orangehrm.testsuite.AddEmployee"/>
</testsuite> <!-- com.orangehrm.testsuite.AddEmployee -->
