<?xml version="1.0" encoding="UTF-8"?>
<!-- Generated by org.testng.reporters.JUnitReportReporter -->
<testsuite hostname="sys" name="com.orangehrm.testsuite.Login" tests="2" failures="0" timestamp="21 Nov 2015 12:53:42 GMT" time="56.081" errors="0">
  <testcase name="loginTest" time="23.151" classname="com.orangehrm.testsuite.Login"/>
  <testcase name="loginTest" time="32.930" classname="com.orangehrm.testsuite.Login"/>
</testsuite> <!-- com.orangehrm.testsuite.Login -->
