<?xml version="1.0" encoding="UTF-8"?>
<!-- Generated by org.testng.reporters.JUnitReportReporter -->
<testsuite hostname="sys" name="day13.ImplicitWait" tests="1" failures="0" timestamp="10 Oct 2015 03:28:55 GMT" time="26.367" errors="0">
  <testcase name="implicitwaitTest" time="26.367" classname="day13.ImplicitWait"/>
</testsuite> <!-- day13.ImplicitWait -->
