<?xml version="1.0" encoding="UTF-8"?>
<!-- Generated by org.testng.reporters.JUnitReportReporter -->
<testsuite hostname="sys" name="day25.YahooLoginOnGrid" tests="1" failures="0" timestamp="3 Nov 2015 03:04:32 GMT" time="22.484" errors="0">
  <testcase name="loginTest" time="22.484" classname="day25.YahooLoginOnGrid"/>
</testsuite> <!-- day25.YahooLoginOnGrid -->
