<?xml version="1.0" encoding="UTF-8"?>
<!-- Generated by org.testng.reporters.JUnitReportReporter -->
<testsuite hostname="sys" name="day17.CookiesTesting" tests="1" failures="0" timestamp="15 Oct 2015 03:04:11 GMT" time="27.692" errors="0">
  <testcase name="cookiesTest" time="27.692" classname="day17.CookiesTesting"/>
</testsuite> <!-- day17.CookiesTesting -->
