<?xml version="1.0" encoding="UTF-8"?>
<!-- Generated by org.testng.reporters.JUnitReportReporter -->
<testsuite hostname="sys" name="day23.DatadrivenTesting4" tests="1" failures="0" timestamp="31 Oct 2015 03:03:25 GMT" time="19.531" errors="0">
  <testcase name="ajaxTest" time="19.531" classname="day23.DatadrivenTesting4"/>
</testsuite> <!-- day23.DatadrivenTesting4 -->
