<?xml version="1.0" encoding="UTF-8"?>
<!-- Generated by org.testng.reporters.JUnitReportReporter -->
<testsuite hostname="sys" name="day29.DBTesting2" tests="1" failures="0" timestamp="7 Nov 2015 02:57:52 GMT" time="41.263" errors="0">
  <testcase name="linksTest" time="41.263" classname="day29.DBTesting2"/>
</testsuite> <!-- day29.DBTesting2 -->
