<?xml version="1.0" encoding="UTF-8"?>
<!-- Generated by org.testng.reporters.JUnitReportReporter -->
<testsuite hostname="sys" name="day16.MouseHover" tests="1" failures="0" timestamp="15 Oct 2015 02:41:01 GMT" time="20.496" errors="0">
  <testcase name="mouseHoverTest" time="20.496" classname="day16.MouseHover"/>
</testsuite> <!-- day16.MouseHover -->
