<?xml version="1.0" encoding="UTF-8"?>
<!-- Generated by org.testng.reporters.JUnitReportReporter -->
<testsuite hostname="sys" name="day17.ClickonHiddenLink" tests="1" failures="0" timestamp="15 Oct 2015 02:44:11 GMT" time="51.782" errors="0">
  <testcase name="javascriptExecutorTest" time="51.782" classname="day17.ClickonHiddenLink"/>
</testsuite> <!-- day17.ClickonHiddenLink -->
