<?xml version="1.0" encoding="UTF-8"?>
<!-- Generated by org.testng.reporters.JUnitReportReporter -->
<testsuite hostname="sys" name="day17.Ajaxautosuggestions" tests="1" failures="0" timestamp="15 Oct 2015 03:29:10 GMT" time="13.244" errors="0">
  <testcase name="ajaxTest" time="13.244" classname="day17.Ajaxautosuggestions"/>
</testsuite> <!-- day17.Ajaxautosuggestions -->
