<?xml version="1.0" encoding="UTF-8"?>
<!-- Generated by org.testng.reporters.JUnitReportReporter -->
<testsuite hostname="sys" name="day16.DragandDrop" tests="1" failures="0" timestamp="14 Oct 2015 03:12:10 GMT" time="14.444" errors="0">
  <testcase name="dragandDropTest" time="14.444" classname="day16.DragandDrop"/>
</testsuite> <!-- day16.DragandDrop -->
