<?xml version="1.0" encoding="UTF-8"?>
<!-- Generated by org.testng.reporters.JUnitReportReporter -->
<testsuite hostname="sys" name="day30.POMTestCase" tests="1" failures="0" timestamp="8 Nov 2015 05:06:55 GMT" time="23.095" errors="0">
  <testcase name="pomTest" time="23.095" classname="day30.POMTestCase"/>
</testsuite> <!-- day30.POMTestCase -->
