<?xml version="1.0" encoding="UTF-8"?>
<!-- Generated by org.testng.reporters.JUnitReportReporter -->
<testsuite hostname="sys" name="day24.GmailLogin" tests="1" failures="0" timestamp="1 Nov 2015 04:55:47 GMT" time="12.448" errors="0">
  <testcase name="loginTest" time="12.448" classname="day24.GmailLogin"/>
</testsuite> <!-- day24.GmailLogin -->
