<?xml version="1.0" encoding="UTF-8"?>
<!-- Generated by org.testng.reporters.JUnitReportReporter -->
<testsuite hostname="sys" name="day23.DatadrivenTesting3" tests="1" failures="0" timestamp="31 Oct 2015 02:32:19 GMT" time="24.975" errors="0">
  <testcase name="linksTest" time="24.975" classname="day23.DatadrivenTesting3"/>
</testsuite> <!-- day23.DatadrivenTesting3 -->
