<?xml version="1.0" encoding="UTF-8"?>
<!-- Generated by org.testng.reporters.JUnitReportReporter -->
<testsuite hostname="sys" name="day18.WebTableTesting2$WebtableTesting1" tests="1" failures="0" timestamp="17 Oct 2015 02:40:48 GMT" time="21.176" errors="0">
  <testcase name="webtableTest" time="21.176" classname="day18.WebTableTesting2$WebtableTesting1"/>
</testsuite> <!-- day18.WebTableTesting2$WebtableTesting1 -->
