<?xml version="1.0" encoding="UTF-8"?>
<!-- Generated by org.testng.reporters.JUnitReportReporter -->
<testsuite hostname="sys" name="day21.WebtableExcel" tests="1" failures="0" timestamp="29 Oct 2015 02:57:52 GMT" time="19.502" errors="0">
  <testcase name="webtableTest" time="19.502" classname="day21.WebtableExcel"/>
</testsuite> <!-- day21.WebtableExcel -->
