<?xml version="1.0" encoding="UTF-8"?>
<!-- Generated by org.testng.reporters.JUnitReportReporter -->
<testsuite hostname="sys" name="day15.MultipleWindows1" tests="1" failures="0" timestamp="13 Oct 2015 02:40:51 GMT" time="29.770" errors="0">
  <testcase name="multiplewindowTest" time="29.770" classname="day15.MultipleWindows1"/>
</testsuite> <!-- day15.MultipleWindows1 -->
