<?xml version="1.0" encoding="UTF-8"?>
<!-- Generated by org.testng.reporters.JUnitReportReporter -->
<testsuite hostname="sys" name="day15.Frames1" tests="1" failures="0" timestamp="13 Oct 2015 03:23:06 GMT" time="16.512" errors="0">
  <testcase name="framesTest" time="16.512" classname="day15.Frames1"/>
</testsuite> <!-- day15.Frames1 -->
