<?xml version="1.0" encoding="UTF-8"?>
<!-- Generated by org.testng.reporters.JUnitReportReporter -->
<testsuite hostname="sys" name="day19.WebtableTesting_Calander" tests="1" failures="0" timestamp="27 Oct 2015 03:15:36 GMT" time="76.405" errors="0">
  <testcase name="webtableTest" time="76.405" classname="day19.WebtableTesting_Calander"/>
</testsuite> <!-- day19.WebtableTesting_Calander -->
