<?xml version="1.0" encoding="UTF-8"?>
<!-- Generated by org.testng.reporters.JUnitReportReporter -->
<testsuite hostname="sys" name="day16.RightClick" tests="1" failures="0" timestamp="14 Oct 2015 02:43:16 GMT" time="14.012" errors="0">
  <testcase name="rightClickTest" time="14.012" classname="day16.RightClick"/>
</testsuite> <!-- day16.RightClick -->
