<?xml version="1.0" encoding="UTF-8"?>
<!-- Generated by org.testng.reporters.JUnitReportReporter -->
<testsuite hostname="sys" name="day23.GmailLoginusingPropertiesFile" tests="1" failures="0" timestamp="31 Oct 2015 03:31:34 GMT" time="14.636" errors="0">
  <testcase name="loginTest" time="14.636" classname="day23.GmailLoginusingPropertiesFile"/>
</testsuite> <!-- day23.GmailLoginusingPropertiesFile -->
