<?xml version="1.0" encoding="UTF-8"?>
<!-- Generated by org.testng.reporters.JUnitReportReporter -->
<testsuite hostname="sys" name="day25.DropdownOnGrid" tests="2" failures="0" timestamp="3 Nov 2015 03:39:30 GMT" time="182.648" errors="0">
  <testcase name="dropdownTest" time="69.599" classname="day25.DropdownOnGrid"/>
  <testcase name="dropdownTest" time="113.049" classname="day25.DropdownOnGrid"/>
</testsuite> <!-- day25.DropdownOnGrid -->
