<?xml version="1.0" encoding="UTF-8"?>
<!-- Generated by org.testng.reporters.JUnitReportReporter -->
<testsuite hostname="sys" name="day21.RadioButtonsTesting2" tests="1" failures="0" timestamp="29 Oct 2015 03:37:21 GMT" time="35.156" errors="0">
  <testcase name="radioButtonsTest" time="35.156" classname="day21.RadioButtonsTesting2"/>
</testsuite> <!-- day21.RadioButtonsTesting2 -->
