<?xml version="1.0" encoding="UTF-8"?>
<!-- Generated by org.testng.reporters.JUnitReportReporter -->
<testsuite hostname="sys" name="day12.ElementPresence" tests="1" failures="0" timestamp="9 Oct 2015 03:22:28 GMT" time="9.051" errors="0">
  <testcase name="elementPresenceTest" time="9.051" classname="day12.ElementPresence"/>
</testsuite> <!-- day12.ElementPresence -->
