<?xml version="1.0" encoding="UTF-8"?>
<!-- Generated by org.testng.reporters.JUnitReportReporter -->
<testsuite hostname="sys" name="day27.YahooLoginDataProvider" tests="2" failures="0" timestamp="4 Nov 2015 03:22:46 GMT" time="80.786" errors="0">
  <testcase name="loginTest" time="25.696" classname="day27.YahooLoginDataProvider"/>
  <testcase name="loginTest" time="55.090" classname="day27.YahooLoginDataProvider"/>
</testsuite> <!-- day27.YahooLoginDataProvider -->
