<?xml version="1.0" encoding="UTF-8"?>
<!-- Generated by org.testng.reporters.JUnitReportReporter -->
<testsuite hostname="sys" name="day21.LinksExcel" tests="1" failures="0" timestamp="29 Oct 2015 02:34:16 GMT" time="74.032" errors="0">
  <testcase name="linksTest" time="74.032" classname="day21.LinksExcel"/>
</testsuite> <!-- day21.LinksExcel -->
