<?xml version="1.0" encoding="UTF-8"?>
<!-- Generated by org.testng.reporters.JUnitReportReporter -->
<testsuite hostname="sys" name="day21.RadioButtonsTesting1" tests="1" failures="0" timestamp="29 Oct 2015 03:16:10 GMT" time="25.165" errors="0">
  <testcase name="radioButtonsTest" time="25.165" classname="day21.RadioButtonsTesting1"/>
</testsuite> <!-- day21.RadioButtonsTesting1 -->
