<?xml version="1.0" encoding="UTF-8"?>
<!-- Generated by org.testng.reporters.JUnitReportReporter -->
<testsuite hostname="sys" name="day18.WebtableTesting1" tests="1" failures="0" timestamp="17 Oct 2015 02:25:28 GMT" time="18.967" errors="0">
  <testcase name="webtableTest" time="18.967" classname="day18.WebtableTesting1"/>
</testsuite> <!-- day18.WebtableTesting1 -->
