<?xml version="1.0" encoding="UTF-8"?>
<!-- Generated by org.testng.reporters.JUnitReportReporter -->
<testsuite hostname="sys" name="day14.ExplicitWait_FlunetWait" tests="1" failures="0" timestamp="12 Oct 2015 02:50:58 GMT" time="26.553" errors="0">
  <testcase name="waitTest" time="26.553" classname="day14.ExplicitWait_FlunetWait"/>
</testsuite> <!-- day14.ExplicitWait_FlunetWait -->
