<?xml version="1.0" encoding="UTF-8"?>
<!-- Generated by org.testng.reporters.JUnitReportReporter -->
<testsuite hostname="sys" name="day27.LinksTestingOnGrid" tests="2" failures="0" timestamp="4 Nov 2015 03:05:11 GMT" time="119.650" errors="0">
  <testcase name="linksTest" time="49.453" classname="day27.LinksTestingOnGrid"/>
  <testcase name="linksTest" time="70.197" classname="day27.LinksTestingOnGrid"/>
</testsuite> <!-- day27.LinksTestingOnGrid -->
