<?xml version="1.0" encoding="UTF-8"?>
<!-- Generated by org.testng.reporters.JUnitReportReporter -->
<testsuite hostname="sys" name="day24.GmailLoginUsingReflections" tests="1" failures="0" timestamp="1 Nov 2015 05:20:40 GMT" time="18.816" errors="0">
  <testcase name="loginTest" time="18.816" classname="day24.GmailLoginUsingReflections"/>
</testsuite> <!-- day24.GmailLoginUsingReflections -->
