<?xml version="1.0" encoding="UTF-8"?>
<!-- Generated by org.testng.reporters.JUnitReportReporter -->
<testsuite hostname="sys" name="day22.DatadrivenTesting1" tests="1" failures="0" timestamp="30 Oct 2015 02:58:34 GMT" time="51.217" errors="0">
  <testcase name="linksTest" time="51.217" classname="day22.DatadrivenTesting1"/>
</testsuite> <!-- day22.DatadrivenTesting1 -->
