<?xml version="1.0" encoding="UTF-8"?>
<!-- Generated by org.testng.reporters.JUnitReportReporter -->
<testsuite hostname="sys" name="day12.Sample" tests="2" failures="0" timestamp="9 Oct 2015 03:07:51 GMT" time="0.016" errors="0">
  <testcase name="registrationTest" time="0.016" classname="day12.Sample"/>
  <testcase name="loginTest" time="0.000" classname="day12.Sample"/>
</testsuite> <!-- day12.Sample -->
