<?xml version="1.0" encoding="UTF-8"?>
<!-- Generated by org.testng.reporters.JUnitReportReporter -->
<testsuite hostname="sys" name="day29.DBTestingOnGrid" tests="2" failures="0" timestamp="7 Nov 2015 03:20:49 GMT" time="113.217" errors="0">
  <testcase name="dbTest" time="42.235" classname="day29.DBTestingOnGrid"/>
  <testcase name="dbTest" time="70.982" classname="day29.DBTestingOnGrid"/>
</testsuite> <!-- day29.DBTestingOnGrid -->
