<?xml version="1.0" encoding="UTF-8"?>
<!-- Generated by org.testng.reporters.JUnitReportReporter -->
<testsuite hostname="sys" name="day18.WebtableDynamic" tests="1" failures="0" timestamp="29 Oct 2015 02:44:42 GMT" time="19.762" errors="0">
  <testcase name="webtableTest" time="19.762" classname="day18.WebtableDynamic"/>
</testsuite> <!-- day18.WebtableDynamic -->
