<?xml version="1.0" encoding="UTF-8"?>
<!-- Generated by org.testng.reporters.JUnitReportReporter -->
<testsuite hostname="sys" name="day17.AlertHandling" tests="1" failures="0" timestamp="15 Oct 2015 02:34:20 GMT" time="19.333" errors="0">
  <testcase name="alertHandleTest" time="19.333" classname="day17.AlertHandling"/>
</testsuite> <!-- day17.AlertHandling -->
