<?xml version="1.0" encoding="UTF-8"?>
<!-- Generated by org.testng.reporters.JUnitReportReporter -->
<testsuite hostname="sys" name="day16.SliderAutomation" tests="1" failures="0" timestamp="14 Oct 2015 03:26:00 GMT" time="16.426" errors="0">
  <testcase name="sliderTest" time="16.426" classname="day16.SliderAutomation"/>
</testsuite> <!-- day16.SliderAutomation -->
