<?xml version="1.0" encoding="UTF-8"?>
<!-- Generated by org.testng.reporters.JUnitReportReporter -->
<testsuite hostname="sys" name="day28.ParalleTestingwithExcelData" tests="5" failures="0" timestamp="5 Nov 2015 02:47:34 GMT" time="424.683" errors="0">
  <testcase name="loginTest" time="63.150" classname="day28.ParalleTestingwithExcelData"/>
  <testcase name="loginTest" time="127.538" classname="day28.ParalleTestingwithExcelData"/>
  <testcase name="loginTest" time="84.586" classname="day28.ParalleTestingwithExcelData"/>
  <testcase name="loginTest" time="44.762" classname="day28.ParalleTestingwithExcelData"/>
  <testcase name="loginTest" time="104.647" classname="day28.ParalleTestingwithExcelData"/>
</testsuite> <!-- day28.ParalleTestingwithExcelData -->
