<?xml version="1.0" encoding="UTF-8"?>
<!-- Generated by org.testng.reporters.JUnitReportReporter -->
<testsuite hostname="sys" name="day14.ExplicitWait_WebdriverWait" tests="1" failures="0" timestamp="12 Oct 2015 02:28:21 GMT" time="33.340" errors="0">
  <testcase name="waitTest" time="33.340" classname="day14.ExplicitWait_WebdriverWait"/>
</testsuite> <!-- day14.ExplicitWait_WebdriverWait -->
