<?xml version="1.0" encoding="UTF-8"?>
<!-- Generated by org.testng.reporters.JUnitReportReporter -->
<testsuite hostname="sys" name="day22.DatadrivenTesting2" tests="1" failures="0" timestamp="30 Oct 2015 03:29:44 GMT" time="34.210" errors="0">
  <testcase name="linksTest" time="34.210" classname="day22.DatadrivenTesting2"/>
</testsuite> <!-- day22.DatadrivenTesting2 -->
